<?xml version="1.0" encoding="UTF-8"?>
<testng-results skipped="0" failed="1" total="1" passed="0">
  <reporter-output>
  </reporter-output>
  <suite name="Default suite" duration-ms="26595" started-at="2016-10-01T22:42:04Z" finished-at="2016-10-01T22:42:31Z">
    <groups>
    </groups>
    <test name="Default test" duration-ms="26595" started-at="2016-10-01T22:42:04Z" finished-at="2016-10-01T22:42:31Z">
      <class name="POWNEW.POWNEW.VerifyLogin">
        <test-method status="PASS" signature="setBrowser()[pri:0, instance:POWNEW.POWNEW.VerifyLogin@59f99ea]" name="setBrowser" is-config="true" duration-ms="19849" started-at="2016-10-02T09:42:04Z" finished-at="2016-10-02T09:42:24Z">
          <reporter-output>
          </reporter-output>
        </test-method> <!-- setBrowser -->
        <test-method status="FAIL" signature="verifyLogin()[pri:0, instance:POWNEW.POWNEW.VerifyLogin@59f99ea]" name="verifyLogin" duration-ms="6616" started-at="2016-10-02T09:42:24Z" finished-at="2016-10-02T09:42:31Z">
          <exception class="java.lang.AssertionError">
            <message>
              <![CDATA[expected [Some Text] but found [POW Admin | Dashboard]]]>
            </message>
            <full-stacktrace>
              <![CDATA[java.lang.AssertionError: expected [Some Text] but found [POW Admin | Dashboard]
	at org.testng.Assert.fail(Assert.java:94)
	at org.testng.Assert.failNotEquals(Assert.java:496)
	at org.testng.Assert.assertEquals(Assert.java:125)
	at org.testng.Assert.assertEquals(Assert.java:178)
	at org.testng.Assert.assertEquals(Assert.java:188)
	at POWNEW.POWNEW.VerifyLogin.verifyLogin(VerifyLogin.java:29)
	at sun.reflect.NativeMethodAccessorImpl.invoke0(Native Method)
	at sun.reflect.NativeMethodAccessorImpl.invoke(Unknown Source)
	at sun.reflect.DelegatingMethodAccessorImpl.invoke(Unknown Source)
	at java.lang.reflect.Method.invoke(Unknown Source)
	at org.testng.internal.MethodInvocationHelper.invokeMethod(MethodInvocationHelper.java:85)
	at org.testng.internal.Invoker.invokeMethod(Invoker.java:639)
	at org.testng.internal.Invoker.invokeTestMethod(Invoker.java:816)
	at org.testng.internal.Invoker.invokeTestMethods(Invoker.java:1124)
	at org.testng.internal.TestMethodWorker.invokeTestMethods(TestMethodWorker.java:125)
	at org.testng.internal.TestMethodWorker.run(TestMethodWorker.java:108)
	at org.testng.TestRunner.privateRun(TestRunner.java:774)
	at org.testng.TestRunner.run(TestRunner.java:624)
	at org.testng.SuiteRunner.runTest(SuiteRunner.java:359)
	at org.testng.SuiteRunner.runSequentially(SuiteRunner.java:354)
	at org.testng.SuiteRunner.privateRun(SuiteRunner.java:312)
	at org.testng.SuiteRunner.run(SuiteRunner.java:261)
	at org.testng.SuiteRunnerWorker.runSuite(SuiteRunnerWorker.java:52)
	at org.testng.SuiteRunnerWorker.run(SuiteRunnerWorker.java:86)
	at org.testng.TestNG.runSuitesSequentially(TestNG.java:1191)
	at org.testng.TestNG.runSuitesLocally(TestNG.java:1116)
	at org.testng.TestNG.run(TestNG.java:1024)
	at org.testng.remote.AbstractRemoteTestNG.run(AbstractRemoteTestNG.java:132)
	at org.testng.remote.RemoteTestNG.initAndRun(RemoteTestNG.java:236)
	at org.testng.remote.RemoteTestNG.main(RemoteTestNG.java:81)
]]>
            </full-stacktrace>
          </exception> <!-- java.lang.AssertionError -->
          <reporter-output>
          </reporter-output>
        </test-method> <!-- verifyLogin -->
        <test-method status="PASS" signature="printResult(org.testng.ITestResult)[pri:0, instance:POWNEW.POWNEW.VerifyLogin@59f99ea]" name="printResult" is-config="true" duration-ms="6" started-at="2016-10-02T09:42:31Z" finished-at="2016-10-02T09:42:31Z">
          <params>
            <param index="0">
              <value>
                <![CDATA[[TestResult name=verifyLogin status=FAILURE method=VerifyLogin.verifyLogin()[pri:0, instance:POWNEW.POWNEW.VerifyLogin@59f99ea] output={null}]]]>
              </value>
            </param>
          </params>
          <reporter-output>
          </reporter-output>
        </test-method> <!-- printResult -->
      </class> <!-- POWNEW.POWNEW.VerifyLogin -->
    </test> <!-- Default test -->
  </suite> <!-- Default suite -->
</testng-results>
